<?xml version="1.0" encoding="UTF-8"?>
<!-- Generated by org.testng.reporters.JUnitXMLReporter -->
<testsuite hostname="HYD-LAT-19-9306" name="Default test" tests="3" failures="0" timestamp="3 Feb 2020 03:04:28 GMT" time="47.994" errors="0">
  <testcase name="verifyLogingPageUIElementsTest" time="0.099" classname="com.qa.wallethub.automation.assignment.facebook.testPages.LoginPageTest"/>
  <testcase name="verifyFBLoginPageTitleTest" time="0.004" classname="com.qa.wallethub.automation.assignment.facebook.testPages.LoginPageTest"/>
  <testcase name="verifyLoginfunctionalityTest" time="7.437" classname="com.qa.wallethub.automation.assignment.facebook.testPages.LoginPageTest"/>
</testsuite> <!-- Default test -->
