<?xml version="1.0" encoding="UTF-8"?>
<testng-results skipped="0" failed="0" ignored="0" total="1" passed="1">
  <reporter-output>
  </reporter-output>
  <suite name="Default suite" duration-ms="3675" started-at="2019-09-11T21:35:29 IST" finished-at="2019-09-11T21:35:33 IST">
    <groups>
    </groups>
    <test name="Default test" duration-ms="3675" started-at="2019-09-11T21:35:29 IST" finished-at="2019-09-11T21:35:33 IST">
      <class name="com.qa.tests.GetAPITest">
        <test-method status="PASS" signature="setup()[pri:0, instance:com.qa.tests.GetAPITest@6ebc05a6]" name="setup" is-config="true" duration-ms="15" started-at="2019-09-11T21:35:29 IST" finished-at="2019-09-11T21:35:29 IST">
          <reporter-output>
          </reporter-output>
        </test-method> <!-- setup -->
        <test-method status="PASS" signature="getAPITest()[pri:0, instance:com.qa.tests.GetAPITest@6ebc05a6]" name="getAPITest" duration-ms="3551" started-at="2019-09-11T21:35:29 IST" finished-at="2019-09-11T21:35:33 IST">
          <reporter-output>
          </reporter-output>
        </test-method> <!-- getAPITest -->
      </class> <!-- com.qa.tests.GetAPITest -->
    </test> <!-- Default test -->
  </suite> <!-- Default suite -->
</testng-results>
