<?xml version="1.0" encoding="UTF-8"?>
<testng-results skipped="0" failed="0" total="4" passed="4">
  <reporter-output>
  </reporter-output>
  <suite name="Suite" duration-ms="78132" started-at="2020-02-03T03:15:54Z" finished-at="2020-02-03T03:17:13Z">
    <groups>
    </groups>
    <test name="Test" duration-ms="78132" started-at="2020-02-03T03:15:54Z" finished-at="2020-02-03T03:17:13Z">
      <class name="com.qa.wallethub.automation.assignment.facebook.testPages.LoginPageTest">
        <test-method status="PASS" signature="setUp()[pri:0, instance:com.qa.wallethub.automation.assignment.facebook.testPages.LoginPageTest@3ac3fd8b]" name="setUp" is-config="true" duration-ms="9029" started-at="2020-02-03T08:45:55Z" finished-at="2020-02-03T08:46:04Z">
          <reporter-output>
          </reporter-output>
        </test-method> <!-- setUp -->
        <test-method status="PASS" signature="verifyLogingPageUIElementsTest()[pri:1, instance:com.qa.wallethub.automation.assignment.facebook.testPages.LoginPageTest@3ac3fd8b]" name="verifyLogingPageUIElementsTest" duration-ms="187" started-at="2020-02-03T08:46:04Z" description="Scenario to verify whether the user is landed on the FB Login page" finished-at="2020-02-03T08:46:04Z">
          <reporter-output>
          </reporter-output>
        </test-method> <!-- verifyLogingPageUIElementsTest -->
        <test-method status="PASS" signature="tearDown()[pri:0, instance:com.qa.wallethub.automation.assignment.facebook.testPages.LoginPageTest@3ac3fd8b]" name="tearDown" is-config="true" duration-ms="5174" started-at="2020-02-03T08:46:04Z" finished-at="2020-02-03T08:46:09Z">
          <reporter-output>
          </reporter-output>
        </test-method> <!-- tearDown -->
        <test-method status="PASS" signature="setUp()[pri:0, instance:com.qa.wallethub.automation.assignment.facebook.testPages.LoginPageTest@3ac3fd8b]" name="setUp" is-config="true" duration-ms="5403" started-at="2020-02-03T08:46:09Z" finished-at="2020-02-03T08:46:14Z">
          <reporter-output>
          </reporter-output>
        </test-method> <!-- setUp -->
        <test-method status="PASS" signature="verifyFBLoginPageTitleTest()[pri:2, instance:com.qa.wallethub.automation.assignment.facebook.testPages.LoginPageTest@3ac3fd8b]" name="verifyFBLoginPageTitleTest" duration-ms="7" started-at="2020-02-03T08:46:14Z" description="Scenario to verify whether the correct title is returned" finished-at="2020-02-03T08:46:14Z">
          <reporter-output>
          </reporter-output>
        </test-method> <!-- verifyFBLoginPageTitleTest -->
        <test-method status="PASS" signature="tearDown()[pri:0, instance:com.qa.wallethub.automation.assignment.facebook.testPages.LoginPageTest@3ac3fd8b]" name="tearDown" is-config="true" duration-ms="5401" started-at="2020-02-03T08:46:14Z" finished-at="2020-02-03T08:46:20Z">
          <reporter-output>
          </reporter-output>
        </test-method> <!-- tearDown -->
        <test-method status="PASS" signature="setUp()[pri:0, instance:com.qa.wallethub.automation.assignment.facebook.testPages.LoginPageTest@3ac3fd8b]" name="setUp" is-config="true" duration-ms="7124" started-at="2020-02-03T08:46:20Z" finished-at="2020-02-03T08:46:27Z">
          <reporter-output>
          </reporter-output>
        </test-method> <!-- setUp -->
        <test-method status="PASS" signature="verifyLoginfunctionalityTest()[pri:3, instance:com.qa.wallethub.automation.assignment.facebook.testPages.LoginPageTest@3ac3fd8b]" name="verifyLoginfunctionalityTest" duration-ms="5126" started-at="2020-02-03T08:46:27Z" description="Scenario to verify whether the Login functionality is successful" finished-at="2020-02-03T08:46:32Z">
          <reporter-output>
          </reporter-output>
        </test-method> <!-- verifyLoginfunctionalityTest -->
        <test-method status="PASS" signature="tearDown()[pri:0, instance:com.qa.wallethub.automation.assignment.facebook.testPages.LoginPageTest@3ac3fd8b]" name="tearDown" is-config="true" duration-ms="5792" started-at="2020-02-03T08:46:32Z" finished-at="2020-02-03T08:46:38Z">
          <reporter-output>
          </reporter-output>
        </test-method> <!-- tearDown -->
      </class> <!-- com.qa.wallethub.automation.assignment.facebook.testPages.LoginPageTest -->
      <class name="com.qa.wallethub.automation.assignment.facebook.testPages.FBHomePageTest">
        <test-method status="PASS" signature="setUp()[pri:0, instance:com.qa.wallethub.automation.assignment.facebook.testPages.FBHomePageTest@5594a1b5]" name="setUp" is-config="true" duration-ms="5256" started-at="2020-02-03T08:46:38Z" finished-at="2020-02-03T08:46:43Z">
          <reporter-output>
          </reporter-output>
        </test-method> <!-- setUp -->
        <test-method status="PASS" signature="verifyCreatePostfunctionalityTest()[pri:1, instance:com.qa.wallethub.automation.assignment.facebook.testPages.FBHomePageTest@5594a1b5]" name="verifyCreatePostfunctionalityTest" duration-ms="13693" started-at="2020-02-03T08:46:43Z" description="Scenario to verify whether the logged in user is able to post a message successfully" finished-at="2020-02-03T08:46:57Z">
          <reporter-output>
          </reporter-output>
        </test-method> <!-- verifyCreatePostfunctionalityTest -->
        <test-method status="PASS" signature="tearDown()[pri:0, instance:com.qa.wallethub.automation.assignment.facebook.testPages.FBHomePageTest@5594a1b5]" name="tearDown" is-config="true" duration-ms="15910" started-at="2020-02-03T08:46:57Z" finished-at="2020-02-03T08:47:13Z">
          <reporter-output>
          </reporter-output>
        </test-method> <!-- tearDown -->
      </class> <!-- com.qa.wallethub.automation.assignment.facebook.testPages.FBHomePageTest -->
    </test> <!-- Test -->
  </suite> <!-- Suite -->
</testng-results>
