<?xml version="1.0" encoding="UTF-8"?>
<!-- Generated by org.testng.reporters.JUnitXMLReporter -->
<testsuite hostname="HYD-LAT-19-9306" name="Test" tests="4" failures="0" timestamp="3 Feb 2020 03:17:13 GMT" time="78.132" errors="0">
  <testcase name="verifyLogingPageUIElementsTest" time="0.187" classname="com.qa.wallethub.automation.assignment.facebook.testPages.LoginPageTest"/>
  <testcase name="verifyFBLoginPageTitleTest" time="0.007" classname="com.qa.wallethub.automation.assignment.facebook.testPages.LoginPageTest"/>
  <testcase name="verifyLoginfunctionalityTest" time="5.126" classname="com.qa.wallethub.automation.assignment.facebook.testPages.LoginPageTest"/>
  <testcase name="verifyCreatePostfunctionalityTest" time="13.693" classname="com.qa.wallethub.automation.assignment.facebook.testPages.FBHomePageTest"/>
</testsuite> <!-- Test -->
